<?xml version="1.0" encoding="UTF-8"?>
<!-- Generated by org.testng.reporters.JUnitReportReporter -->
<testsuite hostname="abby" failures="0" tests="1" name="saucelabs_testcases.TryItFreeTest" time="67.568" errors="0" timestamp="2021-12-20T14:53:38 IST" skipped="0">
  <testcase classname="saucelabs_testcases.TryItFreeTest" name="checkTrySol" time="67.568"/>
  <system-out/>
</testsuite> <!-- saucelabs_testcases.TryItFreeTest -->
