<?xml version="1.0" encoding="UTF-8"?>
<!-- Generated by org.testng.reporters.JUnitReportReporter -->
<testsuite hostname="abby" failures="0" tests="1" name="saucelabs_testcases.PricingTest" time="81.920" errors="0" timestamp="2021-12-21T18:29:05 IST" skipped="0">
  <testcase classname="saucelabs_testcases.PricingTest" name="checkPricing" time="81.920"/>
  <system-out/>
</testsuite> <!-- saucelabs_testcases.PricingTest -->
