<?xml version="1.0" encoding="UTF-8"?>
<!-- Generated by org.testng.reporters.JUnitReportReporter -->
<testsuite hostname="abby" failures="0" tests="1" name="saucelabs_testcases.PricingTest" time="100.634" errors="0" timestamp="2022-01-05T17:16:14 IST" skipped="0">
  <testcase classname="saucelabs_testcases.PricingTest" name="checkPricing" time="100.634"/>
  <system-out/>
</testsuite> <!-- saucelabs_testcases.PricingTest -->
