<?xml version="1.0" encoding="UTF-8"?>
<!-- Generated by org.testng.reporters.JUnitReportReporter -->
<testsuite hostname="abby" failures="0" tests="1" name="saucelabs_testcases.LowCodeTest" time="57.906" errors="0" timestamp="2021-12-22T17:47:05 IST" skipped="0">
  <testcase classname="saucelabs_testcases.LowCodeTest" name="checkLowCodeTestSol" time="57.906"/>
  <system-out/>
</testsuite> <!-- saucelabs_testcases.LowCodeTest -->
