<?xml version="1.0" encoding="UTF-8"?>
<!-- Generated by org.testng.reporters.JUnitReportReporter -->
<testsuite hostname="abby" failures="0" tests="1" name="saucelabs_testcases.TryItFreeTest" time="61.884" errors="0" timestamp="2021-12-06T10:24:43 IST" skipped="0">
  <testcase classname="saucelabs_testcases.TryItFreeTest" name="checkSol" time="61.884"/>
  <system-out/>
</testsuite> <!-- saucelabs_testcases.TryItFreeTest -->
