<?xml version="1.0" encoding="UTF-8"?>
<!-- Generated by org.testng.reporters.JUnitReportReporter -->
<testsuite hostname="abby" failures="0" tests="1" name="saucelabs_testcases.SauceappTest" time="70.801" errors="0" timestamp="2021-12-15T11:41:49 IST" skipped="0">
  <testcase classname="saucelabs_testcases.SauceappTest" name="checkSauce" time="70.801"/>
  <system-out/>
</testsuite> <!-- saucelabs_testcases.SauceappTest -->
