<?xml version="1.0" encoding="UTF-8"?>
<!-- Generated by org.testng.reporters.JUnitReportReporter -->
<testsuite hostname="abby" failures="0" tests="4" name="saucelabs_testcases.AllTheThingsTest" time="251.756" errors="0" timestamp="2022-01-20T17:37:17 IST" skipped="0">
  <testcase classname="saucelabs_testcases.AllTheThingsTest" name="checkMobileBetaTestSol" time="39.802"/>
  <system-out/>
  <testcase classname="saucelabs_testcases.AllTheThingsTest" name="checkApiTestSol" time="60.100"/>
  <system-out/>
  <testcase classname="saucelabs_testcases.AllTheThingsTest" name="checkUiTestSol" time="74.795"/>
  <system-out/>
  <testcase classname="saucelabs_testcases.AllTheThingsTest" name="checkAutomationTestSol" time="77.059"/>
  <system-out/>
</testsuite> <!-- saucelabs_testcases.AllTheThingsTest -->
