<?xml version="1.0" encoding="UTF-8"?>
<!-- Generated by org.testng.reporters.JUnitReportReporter -->
<testsuite hostname="abby" failures="0" tests="1" name="saucelabs_testcases.LowCodeTest" time="110.905" errors="0" timestamp="2022-01-05T17:16:12 IST" skipped="0">
  <testcase classname="saucelabs_testcases.LowCodeTest" name="checkLowCodeTestSol" time="110.905"/>
  <system-out/>
</testsuite> <!-- saucelabs_testcases.LowCodeTest -->
