<?xml version="1.0" encoding="UTF-8"?>
<!-- Generated by org.testng.reporters.JUnitReportReporter -->
<testsuite hostname="abby" failures="0" tests="1" name="saucelabs_testcases.NavbarTest" time="108.877" errors="0" timestamp="2021-12-27T16:42:06 IST" skipped="0">
  <testcase classname="saucelabs_testcases.NavbarTest" name="checkNav" time="108.877"/>
  <system-out/>
</testsuite> <!-- saucelabs_testcases.NavbarTest -->
