<?xml version="1.0" encoding="UTF-8"?>
<!-- Generated by org.testng.reporters.JUnitReportReporter -->
<testsuite hostname="abby" failures="0" tests="1" name="saucelabs_testcases.TryItFreeTest" time="74.477" errors="0" timestamp="2021-12-15T13:33:08 IST" skipped="0">
  <testcase classname="saucelabs_testcases.TryItFreeTest" name="checkSol" time="74.477"/>
  <system-out/>
</testsuite> <!-- saucelabs_testcases.TryItFreeTest -->
