<?xml version="1.0" encoding="UTF-8"?>
<!-- Generated by org.testng.reporters.JUnitReportReporter -->
<testsuite hostname="abby" failures="0" tests="1" name="saucelabs_testcases.ContinuosTest" time="57.663" errors="0" timestamp="2021-12-27T17:34:33 IST" skipped="0">
  <testcase classname="saucelabs_testcases.ContinuosTest" name="checkContinuous" time="57.663"/>
  <system-out/>
</testsuite> <!-- saucelabs_testcases.ContinuosTest -->
