<?xml version="1.0" encoding="UTF-8"?>
<!-- Generated by org.testng.reporters.JUnitReportReporter -->
<testsuite hostname="abby" failures="0" tests="1" name="saucelabs_testcases.Live" time="66.421" errors="0" timestamp="2021-11-26T15:42:42 IST" skipped="0">
  <testcase classname="saucelabs_testcases.Live" name="checkLive" time="66.421"/>
  <system-out/>
</testsuite> <!-- saucelabs_testcases.Live -->
