<?xml version="1.0" encoding="UTF-8"?>
<!-- Generated by org.testng.reporters.JUnitReportReporter -->
<testsuite hostname="abby" failures="0" tests="1" name="saucelabs_testcases.SupportedIntegrationsTest" time="87.668" errors="0" timestamp="2021-11-30T17:44:25 IST" skipped="0">
  <testcase classname="saucelabs_testcases.SupportedIntegrationsTest" name="checkSol" time="87.668"/>
  <system-out/>
</testsuite> <!-- saucelabs_testcases.SupportedIntegrationsTest -->
