<?xml version="1.0" encoding="UTF-8"?>
<!-- Generated by org.testng.reporters.JUnitReportReporter -->
<testsuite hostname="abby" failures="0" tests="1" name="saucelabs_testcases.NavbarTest" time="79.483" errors="0" timestamp="2021-11-30T15:05:03 IST" skipped="0">
  <testcase classname="saucelabs_testcases.NavbarTest" name="checkSauce" time="79.483"/>
  <system-out/>
</testsuite> <!-- saucelabs_testcases.NavbarTest -->
