<?xml version="1.0" encoding="UTF-8"?>
<!-- Generated by org.testng.reporters.JUnitReportReporter -->
<testsuite hostname="abby" failures="0" tests="1" name="saucelabs_testcases.PlatformTest" time="145.208" errors="0" timestamp="2021-11-30T13:26:08 IST" skipped="0">
  <testcase classname="saucelabs_testcases.PlatformTest" name="checkSol" time="145.208"/>
  <system-out/>
</testsuite> <!-- saucelabs_testcases.PlatformTest -->
