<?xml version="1.0" encoding="UTF-8"?>
<!-- Generated by org.testng.reporters.JUnitReportReporter -->
<testsuite hostname="abby" failures="0" tests="1" name="saucelabs_testcases.ContactSalesTest" time="92.190" errors="0" timestamp="2022-01-05T17:16:13 IST" skipped="0">
  <testcase classname="saucelabs_testcases.ContactSalesTest" name="checkContactSalesTestSol" time="92.190"/>
  <system-out/>
</testsuite> <!-- saucelabs_testcases.ContactSalesTest -->
