<?xml version="1.0" encoding="UTF-8"?>
<!-- Generated by org.testng.reporters.JUnitReportReporter -->
<testsuite hostname="abby" failures="0" tests="1" name="saucelabs_testcases.CompanyTest" time="95.249" errors="0" timestamp="2021-12-07T18:06:33 IST" skipped="0">
  <testcase classname="saucelabs_testcases.CompanyTest" name="checkSol" time="95.249"/>
  <system-out/>
</testsuite> <!-- saucelabs_testcases.CompanyTest -->
