<?xml version="1.0" encoding="UTF-8"?>
<!-- Generated by org.testng.reporters.JUnitReportReporter -->
<testsuite hostname="abby" failures="0" tests="1" name="saucelabs_testcases.CompanyCareerTest" time="63.393" errors="0" timestamp="2021-12-06T10:13:52 IST" skipped="0">
  <testcase classname="saucelabs_testcases.CompanyCareerTest" name="checkSol" time="63.393"/>
  <system-out/>
</testsuite> <!-- saucelabs_testcases.CompanyCareerTest -->
