<?xml version="1.0" encoding="UTF-8"?>
<!-- Generated by org.testng.reporters.JUnitReportReporter -->
<testsuite hostname="abby" failures="0" tests="4" name="saucelabs_testcases.AllTheThingsTest" time="270.182" errors="0" timestamp="2021-12-28T16:54:28 IST" skipped="0">
  <testcase classname="saucelabs_testcases.AllTheThingsTest" name="checkMobileBetaTestSol" time="42.705"/>
  <system-out/>
  <testcase classname="saucelabs_testcases.AllTheThingsTest" name="checkApiTestSol" time="67.764"/>
  <system-out/>
  <testcase classname="saucelabs_testcases.AllTheThingsTest" name="checkUiTestSol" time="84.978"/>
  <system-out/>
  <testcase classname="saucelabs_testcases.AllTheThingsTest" name="checkAutomationTestSol" time="74.735"/>
  <system-out/>
</testsuite> <!-- saucelabs_testcases.AllTheThingsTest -->
