<?xml version="1.0" encoding="UTF-8"?>
<!-- Generated by org.testng.reporters.JUnitReportReporter -->
<testsuite hostname="abby" failures="0" tests="1" name="saucelabs_testcases.ZoneTest" time="86.928" errors="0" timestamp="2021-11-30T10:44:35 IST" skipped="0">
  <testcase classname="saucelabs_testcases.ZoneTest" name="checkSauce" time="86.928"/>
  <system-out/>
</testsuite> <!-- saucelabs_testcases.ZoneTest -->
