<?xml version="1.0" encoding="UTF-8"?>
<!-- Generated by org.testng.reporters.JUnitReportReporter -->
<testsuite hostname="abby" failures="0" tests="1" name="saucelabs_testcases.NavbarTest" time="166.780" errors="0" timestamp="2021-12-21T13:38:51 IST" skipped="0">
  <testcase classname="saucelabs_testcases.NavbarTest" name="checkNav" time="166.780"/>
  <system-out/>
</testsuite> <!-- saucelabs_testcases.NavbarTest -->
