<?xml version="1.0" encoding="UTF-8"?>
<!-- Generated by org.testng.reporters.JUnitReportReporter -->
<testsuite hostname="abby" failures="0" tests="1" name="saucelabs_testcases.TryItFreeHomeTest" time="59.705" errors="0" timestamp="2022-01-20T17:37:17 IST" skipped="0">
  <testcase classname="saucelabs_testcases.TryItFreeHomeTest" name="checkTryHomeTestSol" time="59.705"/>
  <system-out/>
</testsuite> <!-- saucelabs_testcases.TryItFreeHomeTest -->
