<?xml version="1.0" encoding="UTF-8"?>
<!-- Generated by org.testng.reporters.JUnitReportReporter -->
<testsuite hostname="abby" failures="0" tests="1" name="saucelabs_testcases.ContinuosTest" time="67.722" errors="0" timestamp="2021-12-15T11:24:21 IST" skipped="0">
  <testcase classname="saucelabs_testcases.ContinuosTest" name="checkSol" time="67.722"/>
  <system-out/>
</testsuite> <!-- saucelabs_testcases.ContinuosTest -->
