<?xml version="1.0" encoding="UTF-8"?>
<!-- Generated by org.testng.reporters.JUnitReportReporter -->
<testsuite hostname="abby" failures="0" tests="1" name="saucelabs_testcases.ContactSalesTest" time="80.284" errors="0" timestamp="2022-01-10T09:03:35 IST" skipped="0">
  <testcase classname="saucelabs_testcases.ContactSalesTest" name="checkContactSalesTestSol" time="80.284"/>
  <system-out/>
</testsuite> <!-- saucelabs_testcases.ContactSalesTest -->
