<?xml version="1.0" encoding="UTF-8"?>
<!-- Generated by org.testng.reporters.JUnitReportReporter -->
<testsuite hostname="abby" failures="0" tests="1" name="saucelabs_testcases.SupportedIntegrationsTest" time="44.098" errors="0" timestamp="2022-01-14T10:36:07 IST" skipped="0">
  <testcase classname="saucelabs_testcases.SupportedIntegrationsTest" name="checkIntegrations" time="44.098"/>
  <system-out/>
</testsuite> <!-- saucelabs_testcases.SupportedIntegrationsTest -->
