<?xml version="1.0" encoding="UTF-8"?>
<!-- Generated by org.testng.reporters.JUnitReportReporter -->
<testsuite hostname="abby" failures="0" tests="1" name="saucelabs_testcases.NavbarTest" time="75.774" errors="0" timestamp="2021-12-07T16:30:23 IST" skipped="0">
  <testcase classname="saucelabs_testcases.NavbarTest" name="checkSauce" time="75.774"/>
  <system-out/>
</testsuite> <!-- saucelabs_testcases.NavbarTest -->
