<?xml version="1.0" encoding="UTF-8"?>
<!-- Generated by org.testng.reporters.JUnitReportReporter -->
<testsuite hostname="abby" failures="0" tests="1" name="saucelabs_testcases.VerifyValidLogin" time="64.263" errors="0" timestamp="2021-12-28T18:30:03 IST" skipped="0">
  <testcase classname="saucelabs_testcases.VerifyValidLogin" name="checkValidUser" time="64.263"/>
  <system-out/>
</testsuite> <!-- saucelabs_testcases.VerifyValidLogin -->
