<?xml version="1.0" encoding="UTF-8"?>
<!-- Generated by org.testng.reporters.JUnitReportReporter -->
<testsuite hostname="abby" failures="0" tests="1" name="saucelabs_testcases.NavbarTest" time="69.441" errors="0" timestamp="2022-01-21T10:33:31 IST" skipped="0">
  <testcase classname="saucelabs_testcases.NavbarTest" name="checkNav" time="69.441"/>
  <system-out/>
</testsuite> <!-- saucelabs_testcases.NavbarTest -->
