<?xml version="1.0" encoding="UTF-8"?>
<!-- Generated by org.testng.reporters.JUnitReportReporter -->
<testsuite hostname="abby" failures="0" tests="1" name="saucelabs_testcases.PlatformTest" time="113.871" errors="0" timestamp="2021-12-09T18:08:21 IST" skipped="0">
  <testcase classname="saucelabs_testcases.PlatformTest" name="checkSol" time="113.871"/>
  <system-out/>
</testsuite> <!-- saucelabs_testcases.PlatformTest -->
