<?xml version="1.0" encoding="UTF-8"?>
<!-- Generated by org.testng.reporters.JUnitReportReporter -->
<testsuite hostname="abby" failures="0" tests="1" name="saucelabs_testcases.PlatformTest" time="64.734" errors="0" timestamp="2022-01-14T12:04:28 IST" skipped="0">
  <testcase classname="saucelabs_testcases.PlatformTest" name="checkPlatform" time="64.734"/>
  <system-out/>
</testsuite> <!-- saucelabs_testcases.PlatformTest -->
