<?xml version="1.0" encoding="UTF-8"?>
<!-- Generated by org.testng.reporters.JUnitReportReporter -->
<testsuite hostname="abby" failures="0" tests="1" name="saucelabs_testcases.TryItFreeTest" time="50.118" errors="0" timestamp="2021-12-28T17:44:55 IST" skipped="0">
  <testcase classname="saucelabs_testcases.TryItFreeTest" name="checkTrySol" time="50.118"/>
  <system-out/>
</testsuite> <!-- saucelabs_testcases.TryItFreeTest -->
