<?xml version="1.0" encoding="UTF-8"?>
<!-- Generated by org.testng.reporters.JUnitReportReporter -->
<testsuite hostname="abby" failures="0" tests="1" name="saucelabs_testcases.CompanyTest" time="49.486" errors="0" timestamp="2021-12-28T17:44:55 IST" skipped="0">
  <testcase classname="saucelabs_testcases.CompanyTest" name="checkCom" time="49.486"/>
  <system-out/>
</testsuite> <!-- saucelabs_testcases.CompanyTest -->
