<?xml version="1.0" encoding="UTF-8"?>
<!-- Generated by org.testng.reporters.JUnitReportReporter -->
<testsuite hostname="abby" failures="0" tests="1" name="saucelabs_testcases.ContinuosTest" time="94.996" errors="0" timestamp="2022-01-07T12:15:28 IST" skipped="0">
  <testcase classname="saucelabs_testcases.ContinuosTest" name="checkContinuous" time="94.996"/>
  <system-out/>
</testsuite> <!-- saucelabs_testcases.ContinuosTest -->
