<?xml version="1.0" encoding="UTF-8"?>
<!-- Generated by org.testng.reporters.JUnitReportReporter -->
<testsuite hostname="abby" failures="0" tests="1" name="saucelabs_testcases.ContinuosTest" time="70.243" errors="0" timestamp="2021-12-13T11:49:27 IST" skipped="0">
  <testcase classname="saucelabs_testcases.ContinuosTest" name="checkSol" time="70.243"/>
  <system-out/>
</testsuite> <!-- saucelabs_testcases.ContinuosTest -->
