<?xml version="1.0" encoding="UTF-8"?>
<!-- Generated by org.testng.reporters.JUnitReportReporter -->
<testsuite hostname="abby" failures="0" tests="1" name="saucelabs_testcases.UsageTest" time="81.219" errors="0" timestamp="2022-01-14T11:51:55 IST" skipped="0">
  <testcase classname="saucelabs_testcases.UsageTest" name="checkUsageTest" time="81.219"/>
  <system-out/>
</testsuite> <!-- saucelabs_testcases.UsageTest -->
