<?xml version="1.0" encoding="UTF-8"?>
<!-- Generated by org.testng.reporters.JUnitReportReporter -->
<testsuite hostname="abby" failures="0" tests="1" name="saucelabs_testcases.ContactTest" time="155.252" errors="0" timestamp="2021-12-01T17:11:14 IST" skipped="0">
  <testcase classname="saucelabs_testcases.ContactTest" name="checkSol" time="155.252"/>
  <system-out/>
</testsuite> <!-- saucelabs_testcases.ContactTest -->
