<?xml version="1.0" encoding="UTF-8"?>
<!-- Generated by org.testng.reporters.JUnitReportReporter -->
<testsuite hostname="abby" failures="0" tests="1" name="saucelabs_testcases.NavbarTest" time="82.316" errors="0" timestamp="2021-12-15T11:36:56 IST" skipped="0">
  <testcase classname="saucelabs_testcases.NavbarTest" name="checkSauce" time="82.316"/>
  <system-out/>
</testsuite> <!-- saucelabs_testcases.NavbarTest -->
