<?xml version="1.0" encoding="UTF-8"?>
<!-- Generated by org.testng.reporters.JUnitReportReporter -->
<testsuite hostname="abby" failures="0" tests="1" name="saucelabs_testcases.TryItFreeTest" time="51.402" errors="0" timestamp="2022-01-10T08:09:39 IST" skipped="0">
  <testcase classname="saucelabs_testcases.TryItFreeTest" name="checkTrySol" time="51.402"/>
  <system-out/>
</testsuite> <!-- saucelabs_testcases.TryItFreeTest -->
