<?xml version="1.0" encoding="UTF-8"?>
<!-- Generated by org.testng.reporters.JUnitReportReporter -->
<testsuite hostname="abby" failures="0" tests="1" name="saucelabs_testcases.ContinuosTest" time="119.583" errors="0" timestamp="2021-12-01T12:21:25 IST" skipped="0">
  <testcase classname="saucelabs_testcases.ContinuosTest" name="checkSol" time="119.583"/>
  <system-out/>
</testsuite> <!-- saucelabs_testcases.ContinuosTest -->
