<?xml version="1.0" encoding="UTF-8"?>
<!-- Generated by org.testng.reporters.JUnitReportReporter -->
<testsuite hostname="abby" failures="0" tests="1" name="saucelabs_testcases.UsageTest" time="101.878" errors="0" timestamp="2022-01-05T16:48:02 IST" skipped="0">
  <testcase classname="saucelabs_testcases.UsageTest" name="checkUsageTest" time="101.878"/>
  <system-out/>
</testsuite> <!-- saucelabs_testcases.UsageTest -->
