<?xml version="1.0" encoding="UTF-8"?>
<!-- Generated by org.testng.reporters.JUnitReportReporter -->
<testsuite hostname="abby" failures="0" tests="1" name="saucelabs_testcases.ContactSalesTest" time="89.777" errors="0" timestamp="2021-12-28T18:30:03 IST" skipped="0">
  <testcase classname="saucelabs_testcases.ContactSalesTest" name="checkContactSalesTestSol" time="89.777"/>
  <system-out/>
</testsuite> <!-- saucelabs_testcases.ContactSalesTest -->
