<?xml version="1.0" encoding="UTF-8"?>
<!-- Generated by org.testng.reporters.JUnitReportReporter -->
<testsuite hostname="abby" failures="0" tests="1" name="saucelabs_testcases.LowCodeTest" time="65.324" errors="0" timestamp="2022-01-14T11:38:18 IST" skipped="0">
  <testcase classname="saucelabs_testcases.LowCodeTest" name="checkLowCodeTestSol" time="65.324"/>
  <system-out/>
</testsuite> <!-- saucelabs_testcases.LowCodeTest -->
