<?xml version="1.0" encoding="UTF-8"?>
<!-- Generated by org.testng.reporters.JUnitReportReporter -->
<testsuite hostname="abby" failures="0" tests="1" name="saucelabs_testcases.AutomatedTest" time="69.170" errors="0" timestamp="2021-12-28T17:44:54 IST" skipped="0">
  <testcase classname="saucelabs_testcases.AutomatedTest" name="checkAutomated" time="69.170"/>
  <system-out/>
</testsuite> <!-- saucelabs_testcases.AutomatedTest -->
