<?xml version="1.0" encoding="UTF-8"?>
<!-- Generated by org.testng.reporters.JUnitReportReporter -->
<testsuite hostname="abby" failures="0" tests="1" name="saucelabs_testcases.ContinuosTest" time="54.911" errors="0" timestamp="2021-12-21T12:52:30 IST" skipped="0">
  <testcase classname="saucelabs_testcases.ContinuosTest" name="checkContinuous" time="54.911"/>
  <system-out/>
</testsuite> <!-- saucelabs_testcases.ContinuosTest -->
