<?xml version="1.0" encoding="UTF-8"?>
<!-- Generated by org.testng.reporters.JUnitReportReporter -->
<testsuite hostname="abby" failures="0" tests="1" name="saucelabs_testcases.AutomatedTest" time="72.410" errors="0" timestamp="2021-12-21T12:52:30 IST" skipped="0">
  <testcase classname="saucelabs_testcases.AutomatedTest" name="checkAutomated" time="72.410"/>
  <system-out/>
</testsuite> <!-- saucelabs_testcases.AutomatedTest -->
