<?xml version="1.0" encoding="UTF-8"?>
<!-- Generated by org.testng.reporters.JUnitReportReporter -->
<testsuite hostname="abby" failures="0" tests="1" name="saucelabs_testcases.Live" time="96.005" errors="0" timestamp="2021-12-15T11:35:15 IST" skipped="0">
  <testcase classname="saucelabs_testcases.Live" name="checkLive" time="96.005"/>
  <system-out/>
</testsuite> <!-- saucelabs_testcases.Live -->
