<?xml version="1.0" encoding="UTF-8"?>
<!-- Generated by org.testng.reporters.JUnitReportReporter -->
<testsuite hostname="abby" failures="0" tests="1" name="saucelabs_testcases.ZoneTest" time="78.711" errors="0" timestamp="2021-12-16T15:26:59 IST" skipped="0">
  <testcase classname="saucelabs_testcases.ZoneTest" name="checkZontTest" time="78.711"/>
  <system-out/>
</testsuite> <!-- saucelabs_testcases.ZoneTest -->
