<?xml version="1.0" encoding="UTF-8"?>
<!-- Generated by org.testng.reporters.JUnitReportReporter -->
<testsuite hostname="abby" failures="0" tests="1" name="saucelabs_testcases.TryItFreeTest" time="61.336" errors="0" timestamp="2021-12-21T14:43:19 IST" skipped="0">
  <testcase classname="saucelabs_testcases.TryItFreeTest" name="checkTrySol" time="61.336"/>
  <system-out/>
</testsuite> <!-- saucelabs_testcases.TryItFreeTest -->
