<?xml version="1.0" encoding="UTF-8"?>
<!-- Generated by org.testng.reporters.JUnitReportReporter -->
<testsuite hostname="abby" failures="0" tests="1" name="saucelabs_testcases.VerifyValidLogin" time="89.553" errors="0" timestamp="2021-12-09T18:08:21 IST" skipped="0">
  <testcase classname="saucelabs_testcases.VerifyValidLogin" name="checkValidUser" time="89.553"/>
  <system-out/>
</testsuite> <!-- saucelabs_testcases.VerifyValidLogin -->
