<?xml version="1.0" encoding="UTF-8"?>
<!-- Generated by org.testng.reporters.JUnitReportReporter -->
<testsuite hostname="abby" failures="0" tests="1" name="saucelabs_testcases.Live" time="77.845" errors="0" timestamp="2021-12-07T17:50:48 IST" skipped="0">
  <testcase classname="saucelabs_testcases.Live" name="checkLive" time="77.845"/>
  <system-out/>
</testsuite> <!-- saucelabs_testcases.Live -->
