<?xml version="1.0" encoding="UTF-8"?>
<!-- Generated by org.testng.reporters.JUnitReportReporter -->
<testsuite hostname="abby" failures="0" tests="1" name="saucelabs_testcases.CrossBrowserTest" time="62.596" errors="0" timestamp="2022-01-14T11:38:18 IST" skipped="0">
  <testcase classname="saucelabs_testcases.CrossBrowserTest" name="checkCrossBrowserTestSol" time="62.596"/>
  <system-out/>
</testsuite> <!-- saucelabs_testcases.CrossBrowserTest -->
