<?xml version="1.0" encoding="UTF-8"?>
<!-- Generated by org.testng.reporters.JUnitReportReporter -->
<testsuite hostname="abby" failures="0" tests="1" name="saucelabs_testcases.NavbarTest" time="83.218" errors="0" timestamp="2022-01-05T16:48:02 IST" skipped="0">
  <testcase classname="saucelabs_testcases.NavbarTest" name="checkNav" time="83.218"/>
  <system-out/>
</testsuite> <!-- saucelabs_testcases.NavbarTest -->
