<?xml version="1.0" encoding="UTF-8"?>
<!-- Generated by org.testng.reporters.JUnitReportReporter -->
<testsuite hostname="abby" failures="0" tests="1" name="saucelabs_testcases.PricingTest" time="127.390" errors="0" timestamp="2022-01-07T12:38:31 IST" skipped="0">
  <testcase classname="saucelabs_testcases.PricingTest" name="checkPricing" time="127.390"/>
  <system-out/>
</testsuite> <!-- saucelabs_testcases.PricingTest -->
