<?xml version="1.0" encoding="UTF-8"?>
<!-- Generated by org.testng.reporters.JUnitReportReporter -->
<testsuite hostname="abby" failures="0" tests="1" name="saucelabs_testcases.SupportedIntegrationsTest" time="76.407" errors="0" timestamp="2021-12-13T12:03:32 IST" skipped="0">
  <testcase classname="saucelabs_testcases.SupportedIntegrationsTest" name="checkSol" time="76.407"/>
  <system-out/>
</testsuite> <!-- saucelabs_testcases.SupportedIntegrationsTest -->
