<?xml version="1.0" encoding="UTF-8"?>
<!-- Generated by org.testng.reporters.JUnitReportReporter -->
<testsuite hostname="abby" failures="0" tests="1" name="saucelabs_testcases.FuncionalityTest" time="74.753" errors="0" timestamp="2021-11-26T15:41:12 IST" skipped="0">
  <testcase classname="saucelabs_testcases.FuncionalityTest" name="checkFunctions" time="74.753"/>
  <system-out/>
</testsuite> <!-- saucelabs_testcases.FuncionalityTest -->
