<?xml version="1.0" encoding="UTF-8"?>
<!-- Generated by org.testng.reporters.JUnitReportReporter -->
<testsuite hostname="abby" failures="0" tests="1" name="saucelabs_testcases.SolutionsTest" time="62.759" errors="0" timestamp="2022-01-14T10:36:07 IST" skipped="0">
  <testcase classname="saucelabs_testcases.SolutionsTest" name="checkSol" time="62.759"/>
  <system-out/>
</testsuite> <!-- saucelabs_testcases.SolutionsTest -->
