<?xml version="1.0" encoding="UTF-8"?>
<!-- Generated by org.testng.reporters.JUnitReportReporter -->
<testsuite hostname="abby" failures="0" tests="1" name="saucelabs_testcases.FuncionalityTest" time="51.987" errors="0" timestamp="2022-01-21T10:33:32 IST" skipped="0">
  <testcase classname="saucelabs_testcases.FuncionalityTest" name="checkFunctions" time="51.987"/>
  <system-out/>
</testsuite> <!-- saucelabs_testcases.FuncionalityTest -->
