<?xml version="1.0" encoding="UTF-8"?>
<!-- Generated by org.testng.reporters.JUnitReportReporter -->
<testsuite hostname="abby" failures="0" tests="1" name="saucelabs_testcases.CompanyTest" time="135.453" errors="0" timestamp="2021-12-01T16:07:06 IST" skipped="0">
  <testcase classname="saucelabs_testcases.CompanyTest" name="checkSol" time="135.453"/>
  <system-out/>
</testsuite> <!-- saucelabs_testcases.CompanyTest -->
