<?xml version="1.0" encoding="UTF-8"?>
<!-- Generated by org.testng.reporters.JUnitReportReporter -->
<testsuite hostname="abby" failures="0" tests="1" name="saucelabs_testcases.TryItFreeHomeTest" time="50.512" errors="0" timestamp="2021-12-20T18:37:16 IST" skipped="0">
  <testcase classname="saucelabs_testcases.TryItFreeHomeTest" name="checkTryHomeTestSol" time="50.512"/>
  <system-out/>
</testsuite> <!-- saucelabs_testcases.TryItFreeHomeTest -->
