<?xml version="1.0" encoding="UTF-8"?>
<!-- Generated by org.testng.reporters.JUnitReportReporter -->
<testsuite hostname="abby" failures="0" tests="1" name="saucelabs_testcases.ContactSalesTest" time="86.553" errors="0" timestamp="2021-12-20T16:27:31 IST" skipped="0">
  <testcase classname="saucelabs_testcases.ContactSalesTest" name="checkTryHomeTestSol" time="86.553"/>
  <system-out/>
</testsuite> <!-- saucelabs_testcases.ContactSalesTest -->
