<?xml version="1.0" encoding="UTF-8"?>
<!-- Generated by org.testng.reporters.JUnitReportReporter -->
<testsuite hostname="abby" failures="0" tests="1" name="saucelabs_testcases.UsageTest" time="115.837" errors="0" timestamp="2021-12-09T18:08:21 IST" skipped="0">
  <testcase classname="saucelabs_testcases.UsageTest" name="checkSauce" time="115.837"/>
  <system-out/>
</testsuite> <!-- saucelabs_testcases.UsageTest -->
