<?xml version="1.0" encoding="UTF-8"?>
<!-- Generated by org.testng.reporters.JUnitReportReporter -->
<testsuite hostname="abby" failures="0" tests="1" name="saucelabs_testcases.UsageTest" time="77.062" errors="0" timestamp="2022-01-21T10:33:32 IST" skipped="0">
  <testcase classname="saucelabs_testcases.UsageTest" name="checkUsageTest" time="77.062"/>
  <system-out/>
</testsuite> <!-- saucelabs_testcases.UsageTest -->
