<?xml version="1.0" encoding="UTF-8"?>
<!-- Generated by org.testng.reporters.JUnitReportReporter -->
<testsuite hostname="abby" failures="0" tests="1" name="saucelabs_testcases.Live" time="48.864" errors="0" timestamp="2022-01-21T10:33:32 IST" skipped="0">
  <testcase classname="saucelabs_testcases.Live" name="checkLive" time="48.864"/>
  <system-out/>
</testsuite> <!-- saucelabs_testcases.Live -->
