<?xml version="1.0" encoding="UTF-8"?>
<!-- Generated by org.testng.reporters.JUnitReportReporter -->
<testsuite hostname="abby" failures="0" tests="1" name="saucelabs_testcases.ZoneTest" time="136.326" errors="0" timestamp="2021-12-13T12:26:33 IST" skipped="0">
  <testcase classname="saucelabs_testcases.ZoneTest" name="checkSauce" time="136.326"/>
  <system-out/>
</testsuite> <!-- saucelabs_testcases.ZoneTest -->
