<?xml version="1.0" encoding="UTF-8"?>
<!-- Generated by org.testng.reporters.JUnitReportReporter -->
<testsuite hostname="abby" failures="0" tests="1" name="saucelabs_testcases.CompanyCareerTest" time="59.392" errors="0" timestamp="2021-12-16T15:13:50 IST" skipped="0">
  <testcase classname="saucelabs_testcases.CompanyCareerTest" name="checkCareer" time="59.392"/>
  <system-out/>
</testsuite> <!-- saucelabs_testcases.CompanyCareerTest -->
