<?xml version="1.0" encoding="UTF-8"?>
<!-- Generated by org.testng.reporters.JUnitReportReporter -->
<testsuite hostname="abby" failures="0" tests="1" name="saucelabs_testcases.CrossBrowserTest" time="66.839" errors="0" timestamp="2022-01-20T17:37:17 IST" skipped="0">
  <testcase classname="saucelabs_testcases.CrossBrowserTest" name="checkCrossBrowserTestSol" time="66.839"/>
  <system-out/>
</testsuite> <!-- saucelabs_testcases.CrossBrowserTest -->
