<?xml version="1.0" encoding="UTF-8"?>
<!-- Generated by org.testng.reporters.JUnitReportReporter -->
<testsuite hostname="abby" failures="0" tests="1" name="saucelabs_testcases.VerifyValidLogin" time="61.279" errors="0" timestamp="2021-11-26T10:45:23 IST" skipped="0">
  <testcase classname="saucelabs_testcases.VerifyValidLogin" name="checkValidUser" time="61.279"/>
  <system-out/>
</testsuite> <!-- saucelabs_testcases.VerifyValidLogin -->
