<?xml version="1.0" encoding="UTF-8"?>
<!-- Generated by org.testng.reporters.JUnitReportReporter -->
<testsuite hostname="abby" failures="0" tests="1" name="saucelabs_testcases.TryItFreeHomeTest" time="60.289" errors="0" timestamp="2021-12-28T16:54:28 IST" skipped="0">
  <testcase classname="saucelabs_testcases.TryItFreeHomeTest" name="checkTryHomeTestSol" time="60.289"/>
  <system-out/>
</testsuite> <!-- saucelabs_testcases.TryItFreeHomeTest -->
