<?xml version="1.0" encoding="UTF-8"?>
<!-- Generated by org.testng.reporters.JUnitReportReporter -->
<testsuite hostname="abby" failures="0" tests="4" name="saucelabs_testcases.AllTheThingsTest" time="282.750" errors="0" timestamp="2022-01-10T09:30:28 IST" skipped="0">
  <testcase classname="saucelabs_testcases.AllTheThingsTest" name="checkMobileBetaTestSol" time="76.458"/>
  <system-out/>
  <testcase classname="saucelabs_testcases.AllTheThingsTest" name="checkApiTestSol" time="62.191"/>
  <system-out/>
  <testcase classname="saucelabs_testcases.AllTheThingsTest" name="checkUiTestSol" time="75.271"/>
  <system-out/>
  <testcase classname="saucelabs_testcases.AllTheThingsTest" name="checkAutomationTestSol" time="68.830"/>
  <system-out/>
</testsuite> <!-- saucelabs_testcases.AllTheThingsTest -->
