<?xml version="1.0" encoding="UTF-8"?>
<!-- Generated by org.testng.reporters.JUnitReportReporter -->
<testsuite hostname="abby" failures="0" tests="1" name="saucelabs_testcases.CompanyCareerTest" time="68.890" errors="0" timestamp="2021-12-06T11:03:43 IST" skipped="0">
  <testcase classname="saucelabs_testcases.CompanyCareerTest" name="checkSol" time="68.890"/>
  <system-out/>
</testsuite> <!-- saucelabs_testcases.CompanyCareerTest -->
