<?xml version="1.0" encoding="UTF-8"?>
<!-- Generated by org.testng.reporters.JUnitReportReporter -->
<testsuite hostname="abby" failures="0" tests="4" name="saucelabs_testcases.AllTheThingsTest" time="371.797" errors="0" timestamp="2022-01-05T17:16:12 IST" skipped="0">
  <testcase classname="saucelabs_testcases.AllTheThingsTest" name="checkMobileBetaTestSol" time="71.446"/>
  <system-out/>
  <testcase classname="saucelabs_testcases.AllTheThingsTest" name="checkApiTestSol" time="106.984"/>
  <system-out/>
  <testcase classname="saucelabs_testcases.AllTheThingsTest" name="checkUiTestSol" time="94.653"/>
  <system-out/>
  <testcase classname="saucelabs_testcases.AllTheThingsTest" name="checkAutomationTestSol" time="98.714"/>
  <system-out/>
</testsuite> <!-- saucelabs_testcases.AllTheThingsTest -->
