<?xml version="1.0" encoding="UTF-8"?>
<!-- Generated by org.testng.reporters.JUnitReportReporter -->
<testsuite hostname="abby" failures="0" tests="1" name="saucelabs_testcases.ZoneTest" time="71.888" errors="0" timestamp="2021-12-21T18:29:05 IST" skipped="0">
  <testcase classname="saucelabs_testcases.ZoneTest" name="checkZontTest" time="71.888"/>
  <system-out/>
</testsuite> <!-- saucelabs_testcases.ZoneTest -->
