<?xml version="1.0" encoding="UTF-8"?>
<!-- Generated by org.testng.reporters.JUnitReportReporter -->
<testsuite hostname="abby" failures="0" tests="1" name="saucelabs_testcases.VerifyValidLogin" time="54.690" errors="0" timestamp="2022-01-05T17:16:12 IST" skipped="0">
  <testcase classname="saucelabs_testcases.VerifyValidLogin" name="checkValidUser" time="54.690"/>
  <system-out/>
</testsuite> <!-- saucelabs_testcases.VerifyValidLogin -->
