<?xml version="1.0" encoding="UTF-8"?>
<!-- Generated by org.testng.reporters.JUnitReportReporter -->
<testsuite hostname="abby" failures="0" tests="1" name="saucelabs_testcases.SupportedIntegrationsTest" time="57.336" errors="0" timestamp="2021-12-20T11:43:05 IST" skipped="0">
  <testcase classname="saucelabs_testcases.SupportedIntegrationsTest" name="checkIntegrations" time="57.336"/>
  <system-out/>
</testsuite> <!-- saucelabs_testcases.SupportedIntegrationsTest -->
