<?xml version="1.0" encoding="UTF-8"?>
<!-- Generated by org.testng.reporters.JUnitReportReporter -->
<testsuite hostname="abby" failures="0" tests="1" name="saucelabs_testcases.ContactSalesTest" time="98.694" errors="0" timestamp="2022-01-07T12:38:31 IST" skipped="0">
  <testcase classname="saucelabs_testcases.ContactSalesTest" name="checkContactSalesTestSol" time="98.694"/>
  <system-out/>
</testsuite> <!-- saucelabs_testcases.ContactSalesTest -->
