<?xml version="1.0" encoding="UTF-8"?>
<!-- Generated by org.testng.reporters.JUnitReportReporter -->
<testsuite hostname="abby" failures="0" tests="1" name="saucelabs_testcases.VerifyValidLogin" time="58.982" errors="0" timestamp="2021-12-13T12:08:33 IST" skipped="0">
  <testcase classname="saucelabs_testcases.VerifyValidLogin" name="checkValidUser" time="58.982"/>
  <system-out/>
</testsuite> <!-- saucelabs_testcases.VerifyValidLogin -->
