<?xml version="1.0" encoding="UTF-8"?>
<!-- Generated by org.testng.reporters.JUnitReportReporter -->
<testsuite hostname="abby" failures="0" tests="1" name="saucelabs_testcases.ContactTest" time="70.752" errors="0" timestamp="2021-12-20T11:43:05 IST" skipped="0">
  <testcase classname="saucelabs_testcases.ContactTest" name="checkContact" time="70.752"/>
  <system-out/>
</testsuite> <!-- saucelabs_testcases.ContactTest -->
