<?xml version="1.0" encoding="UTF-8"?>
<!-- Generated by org.testng.reporters.JUnitReportReporter -->
<testsuite hostname="abby" failures="0" tests="1" name="saucelabs_testcases.ZoneTest" time="101.460" errors="0" timestamp="2021-12-15T18:43:35 IST" skipped="0">
  <testcase classname="saucelabs_testcases.ZoneTest" name="checkZontTest" time="101.460"/>
  <system-out/>
</testsuite> <!-- saucelabs_testcases.ZoneTest -->
