<?xml version="1.0" encoding="UTF-8"?>
<!-- Generated by org.testng.reporters.JUnitReportReporter -->
<testsuite hostname="abby" failures="0" tests="1" name="saucelabs_testcases.SupportedIntegrationsTest" time="239.385" errors="0" timestamp="2022-01-10T08:09:39 IST" skipped="0">
  <testcase classname="saucelabs_testcases.SupportedIntegrationsTest" name="checkIntegrations" time="239.385"/>
  <system-out/>
</testsuite> <!-- saucelabs_testcases.SupportedIntegrationsTest -->
