<?xml version="1.0" encoding="UTF-8"?>
<!-- Generated by org.testng.reporters.JUnitReportReporter -->
<testsuite hostname="abby" failures="0" tests="1" name="saucelabs_testcases.ContinuosTest" time="117.523" errors="0" timestamp="2021-12-09T18:12:09 IST" skipped="0">
  <testcase classname="saucelabs_testcases.ContinuosTest" name="checkSol" time="117.523"/>
  <system-out/>
</testsuite> <!-- saucelabs_testcases.ContinuosTest -->
