<?xml version="1.0" encoding="UTF-8"?>
<!-- Generated by org.testng.reporters.JUnitReportReporter -->
<testsuite hostname="abby" failures="0" tests="1" name="saucelabs_testcases.UsageTest" time="142.099" errors="0" timestamp="2021-11-29T13:59:16 IST" skipped="0">
  <testcase classname="saucelabs_testcases.UsageTest" name="checkSauce" time="142.099"/>
  <system-out/>
</testsuite> <!-- saucelabs_testcases.UsageTest -->
