<?xml version="1.0" encoding="UTF-8"?>
<!-- Generated by org.testng.reporters.JUnitReportReporter -->
<testsuite hostname="abby" failures="0" tests="1" name="saucelabs_testcases.CompanyCareerTest" time="78.596" errors="0" timestamp="2021-12-13T11:42:38 IST" skipped="0">
  <testcase classname="saucelabs_testcases.CompanyCareerTest" name="checkSol" time="78.596"/>
  <system-out/>
</testsuite> <!-- saucelabs_testcases.CompanyCareerTest -->
