<?xml version="1.0" encoding="UTF-8"?>
<!-- Generated by org.testng.reporters.JUnitReportReporter -->
<testsuite hostname="abby" failures="0" tests="1" name="saucelabs_testcases.FuncionalityTest" time="84.152" errors="0" timestamp="2022-01-07T12:15:28 IST" skipped="0">
  <testcase classname="saucelabs_testcases.FuncionalityTest" name="checkFunctions" time="84.152"/>
  <system-out/>
</testsuite> <!-- saucelabs_testcases.FuncionalityTest -->
