<?xml version="1.0" encoding="UTF-8"?>
<!-- Generated by org.testng.reporters.JUnitReportReporter -->
<testsuite hostname="abby" failures="0" tests="1" name="saucelabs_testcases.ContactSalesTest" time="80.633" errors="0" timestamp="2021-12-20T18:37:16 IST" skipped="0">
  <testcase classname="saucelabs_testcases.ContactSalesTest" name="checkContactSalesTestSol" time="80.633"/>
  <system-out/>
</testsuite> <!-- saucelabs_testcases.ContactSalesTest -->
