<?xml version="1.0" encoding="UTF-8"?>
<!-- Generated by org.testng.reporters.JUnitReportReporter -->
<testsuite hostname="abby" failures="0" tests="1" name="saucelabs_testcases.PricingTest" time="92.189" errors="0" timestamp="2021-12-28T16:54:28 IST" skipped="0">
  <testcase classname="saucelabs_testcases.PricingTest" name="checkPricing" time="92.189"/>
  <system-out/>
</testsuite> <!-- saucelabs_testcases.PricingTest -->
