<?xml version="1.0" encoding="UTF-8"?>
<!-- Generated by org.testng.reporters.JUnitReportReporter -->
<testsuite hostname="abby" failures="0" tests="1" name="saucelabs_testcases.ContactSalesTest" time="84.271" errors="0" timestamp="2021-12-28T16:54:28 IST" skipped="0">
  <testcase classname="saucelabs_testcases.ContactSalesTest" name="checkContactSalesTestSol" time="84.271"/>
  <system-out/>
</testsuite> <!-- saucelabs_testcases.ContactSalesTest -->
