<?xml version="1.0" encoding="UTF-8"?>
<!-- Generated by org.testng.reporters.JUnitReportReporter -->
<testsuite hostname="abby" failures="0" tests="1" name="saucelabs_testcases.VerifyValidLogin" time="47.617" errors="0" timestamp="2021-12-20T18:37:16 IST" skipped="0">
  <testcase classname="saucelabs_testcases.VerifyValidLogin" name="checkValidUser" time="47.617"/>
  <system-out/>
</testsuite> <!-- saucelabs_testcases.VerifyValidLogin -->
