<?xml version="1.0" encoding="UTF-8"?>
<!-- Generated by org.testng.reporters.JUnitReportReporter -->
<testsuite hostname="abby" failures="0" tests="1" name="saucelabs_testcases.SolutionsTest" time="149.408" errors="0" timestamp="2021-12-01T15:59:56 IST" skipped="0">
  <testcase classname="saucelabs_testcases.SolutionsTest" name="checkSol" time="149.408"/>
  <system-out/>
</testsuite> <!-- saucelabs_testcases.SolutionsTest -->
