<?xml version="1.0" encoding="UTF-8"?>
<!-- Generated by org.testng.reporters.JUnitReportReporter -->
<testsuite hostname="abby" failures="0" tests="1" name="saucelabs_testcases.CompanyCareerTest" time="70.480" errors="0" timestamp="2021-12-07T18:03:36 IST" skipped="0">
  <testcase classname="saucelabs_testcases.CompanyCareerTest" name="checkSol" time="70.480"/>
  <system-out/>
</testsuite> <!-- saucelabs_testcases.CompanyCareerTest -->
