<?xml version="1.0" encoding="UTF-8"?>
<!-- Generated by org.testng.reporters.JUnitReportReporter -->
<testsuite hostname="abby" failures="0" tests="1" name="saucelabs_testcases.SauceappTest" time="65.630" errors="0" timestamp="2021-12-16T15:13:50 IST" skipped="0">
  <testcase classname="saucelabs_testcases.SauceappTest" name="checkSauce" time="65.630"/>
  <system-out/>
</testsuite> <!-- saucelabs_testcases.SauceappTest -->
