<?xml version="1.0" encoding="UTF-8"?>
<!-- Generated by org.testng.reporters.JUnitReportReporter -->
<testsuite hostname="abby" failures="0" tests="4" name="saucelabs_testcases.AllTheThingsTest" time="525.911" errors="0" timestamp="2022-01-07T12:48:40 IST" skipped="0">
  <testcase classname="saucelabs_testcases.AllTheThingsTest" name="checkMobileBetaTestSol" time="131.558"/>
  <system-out/>
  <testcase classname="saucelabs_testcases.AllTheThingsTest" name="checkApiTestSol" time="166.076"/>
  <system-out/>
  <testcase classname="saucelabs_testcases.AllTheThingsTest" name="checkUiTestSol" time="130.018"/>
  <system-out/>
  <testcase classname="saucelabs_testcases.AllTheThingsTest" name="checkAutomationTestSol" time="98.259"/>
  <system-out/>
</testsuite> <!-- saucelabs_testcases.AllTheThingsTest -->
