<?xml version="1.0" encoding="UTF-8"?>
<!-- Generated by org.testng.reporters.JUnitReportReporter -->
<testsuite hostname="abby" failures="0" tests="1" name="saucelabs_testcases.AutomatedTest" time="81.286" errors="0" timestamp="2021-11-26T16:53:15 IST" skipped="0">
  <testcase classname="saucelabs_testcases.AutomatedTest" name="checkAutomated" time="81.286"/>
  <system-out/>
</testsuite> <!-- saucelabs_testcases.AutomatedTest -->
