<?xml version="1.0" encoding="UTF-8"?>
<!-- Generated by org.testng.reporters.JUnitReportReporter -->
<testsuite hostname="abby" failures="0" tests="1" name="saucelabs_testcases.MobileAppTesting" time="73.850" errors="0" timestamp="2022-01-14T12:02:44 IST" skipped="0">
  <testcase classname="saucelabs_testcases.MobileAppTesting" name="checkMobileAppTestSol" time="73.850"/>
  <system-out/>
</testsuite> <!-- saucelabs_testcases.MobileAppTesting -->
