<?xml version="1.0" encoding="UTF-8"?>
<!-- Generated by org.testng.reporters.JUnitReportReporter -->
<testsuite hostname="abby" failures="0" tests="1" name="saucelabs_testcases.ZoneTest" time="127.405" errors="0" timestamp="2021-12-09T18:08:21 IST" skipped="0">
  <testcase classname="saucelabs_testcases.ZoneTest" name="checkSauce" time="127.405"/>
  <system-out/>
</testsuite> <!-- saucelabs_testcases.ZoneTest -->
