<?xml version="1.0" encoding="UTF-8"?>
<!-- Generated by org.testng.reporters.JUnitReportReporter -->
<testsuite hostname="abby" failures="0" tests="1" name="saucelabs_testcases.ZoneTest" time="75.255" errors="0" timestamp="2022-01-05T17:16:14 IST" skipped="0">
  <testcase classname="saucelabs_testcases.ZoneTest" name="checkZontTest" time="75.255"/>
  <system-out/>
</testsuite> <!-- saucelabs_testcases.ZoneTest -->
