<?xml version="1.0" encoding="UTF-8"?>
<!-- Generated by org.testng.reporters.JUnitReportReporter -->
<testsuite hostname="abby" failures="0" tests="1" name="saucelabs_testcases.ContinuosTest" time="84.761" errors="0" timestamp="2021-11-30T13:10:34 IST" skipped="0">
  <testcase classname="saucelabs_testcases.ContinuosTest" name="checkSol" time="84.761"/>
  <system-out/>
</testsuite> <!-- saucelabs_testcases.ContinuosTest -->
