<?xml version="1.0" encoding="UTF-8"?>
<!-- Generated by org.testng.reporters.JUnitReportReporter -->
<testsuite hostname="abby" failures="0" tests="1" name="saucelabs_testcases.SauceappTest" time="81.828" errors="0" timestamp="2021-12-02T10:33:17 IST" skipped="0">
  <testcase classname="saucelabs_testcases.SauceappTest" name="checkSauce" time="81.828"/>
  <system-out/>
</testsuite> <!-- saucelabs_testcases.SauceappTest -->
