<?xml version="1.0" encoding="UTF-8"?>
<!-- Generated by org.testng.reporters.JUnitReportReporter -->
<testsuite hostname="abby" failures="0" tests="1" name="saucelabs_testcases.MobileAppTesting" time="114.358" errors="0" timestamp="2021-12-28T18:30:03 IST" skipped="0">
  <testcase classname="saucelabs_testcases.MobileAppTesting" name="checkMobileAppTestSol" time="114.358"/>
  <system-out/>
</testsuite> <!-- saucelabs_testcases.MobileAppTesting -->
