<?xml version="1.0" encoding="UTF-8"?>
<!-- Generated by org.testng.reporters.JUnitReportReporter -->
<testsuite hostname="abby" failures="0" tests="1" name="saucelabs_testcases.ZoneTest" time="118.538" errors="0" timestamp="2021-11-29T17:11:01 IST" skipped="0">
  <testcase classname="saucelabs_testcases.ZoneTest" name="checkSauce" time="118.538"/>
  <system-out/>
</testsuite> <!-- saucelabs_testcases.ZoneTest -->
