<?xml version="1.0" encoding="UTF-8"?>
<!-- Generated by org.testng.reporters.JUnitReportReporter -->
<testsuite hostname="abby" failures="0" tests="1" name="saucelabs_testcases.VerifyValidLogin" time="77.471" errors="0" timestamp="2022-01-07T12:38:31 IST" skipped="0">
  <testcase classname="saucelabs_testcases.VerifyValidLogin" name="checkValidUser" time="77.471"/>
  <system-out/>
</testsuite> <!-- saucelabs_testcases.VerifyValidLogin -->
