<?xml version="1.0" encoding="UTF-8"?>
<!-- Generated by org.testng.reporters.JUnitReportReporter -->
<testsuite hostname="abby" failures="0" tests="1" name="saucelabs_testcases.ErrorReportingTest" time="115.396" errors="0" timestamp="2022-01-05T17:16:12 IST" skipped="0">
  <testcase classname="saucelabs_testcases.ErrorReportingTest" name="checkErrorReportingTestSol" time="115.396"/>
  <system-out/>
</testsuite> <!-- saucelabs_testcases.ErrorReportingTest -->
